{
  "meta": {
    "format": 3,
    "version": "7.10.6",
    "timestamp": "2026-02-28T00:56:00.120619",
    "branch_coverage": false,
    "show_contexts": false
  },
  "files": {
    "custom_components/actronair_neo/__init__.py": {
      "executed_lines": [
        1, 3, 5, 6, 7, 9, 10, 16, 19, 22, 26, 27, 28, 29, 44, 45, 52, 59, 61,
        65, 67, 75, 82, 92, 98, 103, 104, 108, 110, 112, 116, 122, 128, 133,
        134, 140, 144, 145, 147, 151, 153, 154, 155, 156, 157, 158, 159, 165,
        169, 170, 181, 182, 183, 184, 186, 192, 197, 198, 202, 204, 206, 207,
        208, 213, 214, 215, 216, 218, 226, 228, 231, 232, 234, 235, 237, 240,
        241, 244, 248, 249, 252, 259, 262, 272, 274, 277, 281, 284, 288, 289,
        292, 298, 299, 300, 306, 308, 309, 310, 312, 313, 314, 315, 316, 317,
        319, 320, 322, 328, 330, 331, 333, 339, 345, 351, 359, 361, 369, 373,
        374, 375, 376, 379, 381, 382, 383, 384, 389, 390, 393, 395, 396, 397,
        398, 403, 404, 405, 410, 413, 415, 416, 417, 418, 420, 422, 423, 426,
        427, 434, 436, 437, 438, 440, 442, 443, 444, 445, 452, 454, 455, 456,
        457, 459, 461, 462, 463, 464, 465, 467, 470, 471, 472
      ],
      "summary": {
        "covered_lines": 169,
        "num_statements": 169,
        "percent_covered": 100.0,
        "percent_covered_display": "100",
        "missing_lines": 0,
        "excluded_lines": 3
      },
      "missing_lines": [],
      "excluded_lines": [52, 53, 54],
      "functions": {
        "async_migrate_entry": {
          "executed_lines": [103, 104, 108, 110, 112, 116, 122],
          "summary": {
            "covered_lines": 7,
            "num_statements": 7,
            "percent_covered": 100.0,
            "percent_covered_display": "100",
            "missing_lines": 0,
            "excluded_lines": 0
          },
          "missing_lines": [],
          "excluded_lines": []
        },
        "async_setup": {
          "executed_lines": [133, 134],
          "summary": {
            "covered_lines": 2,
            "num_statements": 2,
            "percent_covered": 100.0,
            "percent_covered_display": "100",
            "missing_lines": 0,
            "excluded_lines": 0
          },
          "missing_lines": [],
          "excluded_lines": []
        },
        "async_migrate_entities": {
          "executed_lines": [
            144, 145, 147, 151, 153, 154, 155, 156, 157, 158, 159
          ],
          "summary": {
            "covered_lines": 11,
            "num_statements": 11,
            "percent_covered": 100.0,
            "percent_covered_display": "100",
            "missing_lines": 0,
            "excluded_lines": 0
          },
          "missing_lines": [],
          "excluded_lines": []
        },
        "_build_migration_mappings": {
          "executed_lines": [169, 170, 181, 182, 183, 184, 186],
          "summary": {
            "covered_lines": 7,
            "num_statements": 7,
            "percent_covered": 100.0,
            "percent_covered_display": "100",
            "missing_lines": 0,
            "excluded_lines": 0
          },
          "missing_lines": [],
          "excluded_lines": []
        },
        "async_setup_entry": {
          "executed_lines": [
            197, 198, 202, 204, 206, 207, 208, 213, 214, 215, 216, 218, 226,
            228, 231, 232, 234, 235, 237, 240, 241
          ],
          "summary": {
            "covered_lines": 21,
            "num_statements": 21,
            "percent_covered": 100.0,
            "percent_covered_display": "100",
            "missing_lines": 0,
            "excluded_lines": 0
          },
          "missing_lines": [],
          "excluded_lines": []
        },
        "_create_api_client": {
          "executed_lines": [248, 249, 252, 259, 272, 274],
          "summary": {
            "covered_lines": 6,
            "num_statements": 6,
            "percent_covered": 100.0,
            "percent_covered_display": "100",
            "missing_lines": 0,
            "excluded_lines": 0
          },
          "missing_lines": [],
          "excluded_lines": []
        },
        "_create_api_client._on_token_refreshed": {
          "executed_lines": [262],
          "summary": {
            "covered_lines": 1,
            "num_statements": 1,
            "percent_covered": 100.0,
            "percent_covered_display": "100",
            "missing_lines": 0,
            "excluded_lines": 0
          },
          "missing_lines": [],
          "excluded_lines": []
        },
        "async_unload_entry": {
          "executed_lines": [281],
          "summary": {
            "covered_lines": 1,
            "num_statements": 1,
            "percent_covered": 100.0,
            "percent_covered_display": "100",
            "missing_lines": 0,
            "excluded_lines": 0
          },
          "missing_lines": [],
          "excluded_lines": []
        },
        "async_reload_entry": {
          "executed_lines": [288, 289],
          "summary": {
            "covered_lines": 2,
            "num_statements": 2,
            "percent_covered": 100.0,
            "percent_covered_display": "100",
            "missing_lines": 0,
            "excluded_lines": 0
          },
          "missing_lines": [],
          "excluded_lines": []
        },
        "async_remove_config_entry_device": {
          "executed_lines": [298, 299, 300],
          "summary": {
            "covered_lines": 3,
            "num_statements": 3,
            "percent_covered": 100.0,
            "percent_covered_display": "100",
            "missing_lines": 0,
            "excluded_lines": 0
          },
          "missing_lines": [],
          "excluded_lines": []
        },
        "update_listener": {
          "executed_lines": [
            308, 309, 310, 312, 313, 314, 315, 316, 317, 319, 320, 322
          ],
          "summary": {
            "covered_lines": 12,
            "num_statements": 12,
            "percent_covered": 100.0,
            "percent_covered_display": "100",
            "missing_lines": 0,
            "excluded_lines": 0
          },
          "missing_lines": [],
          "excluded_lines": []
        },
        "_register_services": {
          "executed_lines": [330, 331, 333, 339, 345, 351],
          "summary": {
            "covered_lines": 6,
            "num_statements": 6,
            "percent_covered": 100.0,
            "percent_covered_display": "100",
            "missing_lines": 0,
            "excluded_lines": 0
          },
          "missing_lines": [],
          "excluded_lines": []
        },
        "_get_coordinators": {
          "executed_lines": [361],
          "summary": {
            "covered_lines": 1,
            "num_statements": 1,
            "percent_covered": 100.0,
            "percent_covered_display": "100",
            "missing_lines": 0,
            "excluded_lines": 0
          },
          "missing_lines": [],
          "excluded_lines": []
        },
        "_find_coordinator": {
          "executed_lines": [373, 374, 375, 376],
          "summary": {
            "covered_lines": 4,
            "num_statements": 4,
            "percent_covered": 100.0,
            "percent_covered_display": "100",
            "missing_lines": 0,
            "excluded_lines": 0
          },
          "missing_lines": [],
          "excluded_lines": []
        },
        "_handle_force_update": {
          "executed_lines": [381, 382, 383, 384, 389, 390],
          "summary": {
            "covered_lines": 6,
            "num_statements": 6,
            "percent_covered": 100.0,
            "percent_covered_display": "100",
            "missing_lines": 0,
            "excluded_lines": 0
          },
          "missing_lines": [],
          "excluded_lines": []
        },
        "_require_coordinator": {
          "executed_lines": [395, 396, 397, 398, 403, 404, 405, 410],
          "summary": {
            "covered_lines": 8,
            "num_statements": 8,
            "percent_covered": 100.0,
            "percent_covered_display": "100",
            "missing_lines": 0,
            "excluded_lines": 0
          },
          "missing_lines": [],
          "excluded_lines": []
        },
        "_handle_create_zone_preset": {
          "executed_lines": [415, 416, 417, 418, 420, 422, 423, 426, 427],
          "summary": {
            "covered_lines": 9,
            "num_statements": 9,
            "percent_covered": 100.0,
            "percent_covered_display": "100",
            "missing_lines": 0,
            "excluded_lines": 0
          },
          "missing_lines": [],
          "excluded_lines": []
        },
        "_handle_apply_zone_preset": {
          "executed_lines": [436, 437, 438, 440, 442, 443, 444, 445],
          "summary": {
            "covered_lines": 8,
            "num_statements": 8,
            "percent_covered": 100.0,
            "percent_covered_display": "100",
            "missing_lines": 0,
            "excluded_lines": 0
          },
          "missing_lines": [],
          "excluded_lines": []
        },
        "_handle_bulk_zone_operation": {
          "executed_lines": [
            454, 455, 456, 457, 459, 461, 462, 463, 464, 465, 467, 470, 471, 472
          ],
          "summary": {
            "covered_lines": 14,
            "num_statements": 14,
            "percent_covered": 100.0,
            "percent_covered_display": "100",
            "missing_lines": 0,
            "excluded_lines": 0
          },
          "missing_lines": [],
          "excluded_lines": []
        },
        "": {
          "executed_lines": [
            1, 3, 5, 6, 7, 9, 10, 16, 19, 22, 26, 27, 28, 29, 44, 45, 52, 59,
            61, 65, 67, 75, 82, 92, 98, 128, 140, 165, 192, 244, 277, 284, 292,
            306, 328, 359, 369, 379, 393, 413, 434, 452
          ],
          "summary": {
            "covered_lines": 40,
            "num_statements": 40,
            "percent_covered": 100.0,
            "percent_covered_display": "100",
            "missing_lines": 0,
            "excluded_lines": 3
          },
          "missing_lines": [],
          "excluded_lines": [52, 53, 54]
        }
      },
      "classes": {
        "": {
          "executed_lines": [
            1, 3, 5, 6, 7, 9, 10, 16, 19, 22, 26, 27, 28, 29, 44, 45, 52, 59,
            61, 65, 67, 75, 82, 92, 98, 103, 104, 108, 110, 112, 116, 122, 128,
            133, 134, 140, 144, 145, 147, 151, 153, 154, 155, 156, 157, 158,
            159, 165, 169, 170, 181, 182, 183, 184, 186, 192, 197, 198, 202,
            204, 206, 207, 208, 213, 214, 215, 216, 218, 226, 228, 231, 232,
            234, 235, 237, 240, 241, 244, 248, 249, 252, 259, 262, 272, 274,
            277, 281, 284, 288, 289, 292, 298, 299, 300, 306, 308, 309, 310,
            312, 313, 314, 315, 316, 317, 319, 320, 322, 328, 330, 331, 333,
            339, 345, 351, 359, 361, 369, 373, 374, 375, 376, 379, 381, 382,
            383, 384, 389, 390, 393, 395, 396, 397, 398, 403, 404, 405, 410,
            413, 415, 416, 417, 418, 420, 422, 423, 426, 427, 434, 436, 437,
            438, 440, 442, 443, 444, 445, 452, 454, 455, 456, 457, 459, 461,
            462, 463, 464, 465, 467, 470, 471, 472
          ],
          "summary": {
            "covered_lines": 169,
            "num_statements": 169,
            "percent_covered": 100.0,
            "percent_covered_display": "100",
            "missing_lines": 0,
            "excluded_lines": 3
          },
          "missing_lines": [],
          "excluded_lines": [52, 53, 54]
        }
      }
    },
    "custom_components/actronair_neo/api/__init__.py": {
      "executed_lines": [1, 8, 10, 11, 13],
      "summary": {
        "covered_lines": 4,
        "num_statements": 4,
        "percent_covered": 100.0,
        "percent_covered_display": "100",
        "missing_lines": 0,
        "excluded_lines": 0
      },
      "missing_lines": [],
      "excluded_lines": [],
      "functions": {
        "": {
          "executed_lines": [1, 8, 10, 11, 13],
          "summary": {
            "covered_lines": 4,
            "num_statements": 4,
            "percent_covered": 100.0,
            "percent_covered_display": "100",
            "missing_lines": 0,
            "excluded_lines": 0
          },
          "missing_lines": [],
          "excluded_lines": []
        }
      },
      "classes": {
        "": {
          "executed_lines": [1, 8, 10, 11, 13],
          "summary": {
            "covered_lines": 4,
            "num_statements": 4,
            "percent_covered": 100.0,
            "percent_covered_display": "100",
            "missing_lines": 0,
            "excluded_lines": 0
          },
          "missing_lines": [],
          "excluded_lines": []
        }
      }
    },
    "custom_components/actronair_neo/api/auth.py": {
      "executed_lines": [
        1, 8, 10, 11, 12, 13, 14, 15, 17, 19, 21, 33, 37, 40, 41, 42, 44, 45,
        46, 47, 48, 49, 52, 53, 66, 74, 76, 77, 78, 80, 81, 85, 95, 97, 99, 105,
        113, 114, 116, 117, 118, 120, 135, 136, 137, 141, 153, 154, 155, 160,
        164, 165, 166, 176, 177, 178, 180, 201, 202, 203, 209, 210, 212, 213,
        214, 220, 222, 223, 224, 225, 227, 228, 229, 231, 232, 233, 234, 235,
        236, 237, 238, 239, 240, 241, 242, 243, 245, 246, 248, 249, 251, 252,
        253, 254, 256, 257, 261, 263, 264, 265, 267, 269, 270, 272, 274, 275,
        276, 278, 279, 280, 286, 290, 291, 293, 295, 296, 297, 298, 299, 300,
        302, 305, 307, 311, 313, 314, 315, 316, 318, 319, 320, 323, 327, 331,
        332, 338, 340, 341, 343, 344, 346, 347, 348, 349, 350
      ],
      "summary": {
        "covered_lines": 142,
        "num_statements": 142,
        "percent_covered": 100.0,
        "percent_covered_display": "100",
        "missing_lines": 0,
        "excluded_lines": 0
      },
      "missing_lines": [],
      "excluded_lines": [],
      "functions": {
        "ActronAirNeoAuth.__init__": {
          "executed_lines": [74, 76, 77, 78, 80, 81],
          "summary": {
            "covered_lines": 6,
            "num_statements": 6,
            "percent_covered": 100.0,
            "percent_covered_display": "100",
            "missing_lines": 0,
            "excluded_lines": 0
          },
          "missing_lines": [],
          "excluded_lines": []
        },
        "ActronAirNeoAuth.set_token_refresh_callback": {
          "executed_lines": [95],
          "summary": {
            "covered_lines": 1,
            "num_statements": 1,
            "percent_covered": 100.0,
            "percent_covered_display": "100",
            "missing_lines": 0,
            "excluded_lines": 0
          },
          "missing_lines": [],
          "excluded_lines": []
        },
        "ActronAirNeoAuth._notify_token_refreshed": {
          "executed_lines": [99, 105],
          "summary": {
            "covered_lines": 2,
            "num_statements": 2,
            "percent_covered": 100.0,
            "percent_covered_display": "100",
            "missing_lines": 0,
            "excluded_lines": 0
          },
          "missing_lines": [],
          "excluded_lines": []
        },
        "ActronAirNeoAuth.is_token_valid": {
          "executed_lines": [116, 117, 118],
          "summary": {
            "covered_lines": 3,
            "num_statements": 3,
            "percent_covered": 100.0,
            "percent_covered_display": "100",
            "missing_lines": 0,
            "excluded_lines": 0
          },
          "missing_lines": [],
          "excluded_lines": []
        },
        "ActronAirNeoAuth.set_tokens": {
          "executed_lines": [135, 136, 137],
          "summary": {
            "covered_lines": 3,
            "num_statements": 3,
            "percent_covered": 100.0,
            "percent_covered_display": "100",
            "missing_lines": 0,
            "excluded_lines": 0
          },
          "missing_lines": [],
          "excluded_lines": []
        },
        "ActronAirNeoAuth.request_device_code": {
          "executed_lines": [153, 154, 155, 160, 164, 165, 166, 176, 177, 178],
          "summary": {
            "covered_lines": 10,
            "num_statements": 10,
            "percent_covered": 100.0,
            "percent_covered_display": "100",
            "missing_lines": 0,
            "excluded_lines": 0
          },
          "missing_lines": [],
          "excluded_lines": []
        },
        "ActronAirNeoAuth.poll_for_token": {
          "executed_lines": [
            201, 202, 203, 209, 210, 212, 213, 214, 220, 222, 223, 224, 225,
            227, 228, 229, 231, 232, 233, 234, 235, 236, 237, 238, 239, 240,
            241, 242, 243, 245, 246, 248, 249, 251, 252, 253, 254, 256, 257
          ],
          "summary": {
            "covered_lines": 39,
            "num_statements": 39,
            "percent_covered": 100.0,
            "percent_covered_display": "100",
            "missing_lines": 0,
            "excluded_lines": 0
          },
          "missing_lines": [],
          "excluded_lines": []
        },
        "ActronAirNeoAuth.ensure_valid_token": {
          "executed_lines": [263, 264, 265],
          "summary": {
            "covered_lines": 3,
            "num_statements": 3,
            "percent_covered": 100.0,
            "percent_covered_display": "100",
            "missing_lines": 0,
            "excluded_lines": 0
          },
          "missing_lines": [],
          "excluded_lines": []
        },
        "ActronAirNeoAuth.get_auth_headers": {
          "executed_lines": [269, 270],
          "summary": {
            "covered_lines": 2,
            "num_statements": 2,
            "percent_covered": 100.0,
            "percent_covered_display": "100",
            "missing_lines": 0,
            "excluded_lines": 0
          },
          "missing_lines": [],
          "excluded_lines": []
        },
        "ActronAirNeoAuth._refresh_access_token": {
          "executed_lines": [274, 275, 276, 278, 279, 280, 286, 290, 291],
          "summary": {
            "covered_lines": 9,
            "num_statements": 9,
            "percent_covered": 100.0,
            "percent_covered_display": "100",
            "missing_lines": 0,
            "excluded_lines": 0
          },
          "missing_lines": [],
          "excluded_lines": []
        },
        "ActronAirNeoAuth.refresh_access_token": {
          "executed_lines": [295, 296, 297, 298, 299, 300, 302, 305, 307],
          "summary": {
            "covered_lines": 9,
            "num_statements": 9,
            "percent_covered": 100.0,
            "percent_covered_display": "100",
            "missing_lines": 0,
            "excluded_lines": 0
          },
          "missing_lines": [],
          "excluded_lines": []
        },
        "ActronAirNeoAuth._store_token_response": {
          "executed_lines": [313, 314, 315, 316, 318, 319, 320, 323],
          "summary": {
            "covered_lines": 8,
            "num_statements": 8,
            "percent_covered": 100.0,
            "percent_covered_display": "100",
            "missing_lines": 0,
            "excluded_lines": 0
          },
          "missing_lines": [],
          "excluded_lines": []
        },
        "ActronAirNeoAuth._make_auth_request": {
          "executed_lines": [
            331, 332, 338, 340, 341, 343, 344, 346, 347, 348, 349, 350
          ],
          "summary": {
            "covered_lines": 12,
            "num_statements": 12,
            "percent_covered": 100.0,
            "percent_covered_display": "100",
            "missing_lines": 0,
            "excluded_lines": 0
          },
          "missing_lines": [],
          "excluded_lines": []
        },
        "": {
          "executed_lines": [
            1, 8, 10, 11, 12, 13, 14, 15, 17, 19, 21, 33, 37, 40, 41, 42, 44,
            45, 46, 47, 48, 49, 52, 53, 66, 85, 97, 113, 114, 120, 141, 180,
            261, 267, 272, 293, 311, 327
          ],
          "summary": {
            "covered_lines": 35,
            "num_statements": 35,
            "percent_covered": 100.0,
            "percent_covered_display": "100",
            "missing_lines": 0,
            "excluded_lines": 0
          },
          "missing_lines": [],
          "excluded_lines": []
        }
      },
      "classes": {
        "DeviceCodeResponse": {
          "executed_lines": [],
          "summary": {
            "covered_lines": 0,
            "num_statements": 0,
            "percent_covered": 100.0,
            "percent_covered_display": "100",
            "missing_lines": 0,
            "excluded_lines": 0
          },
          "missing_lines": [],
          "excluded_lines": []
        },
        "ActronAirNeoAuth": {
          "executed_lines": [
            74, 76, 77, 78, 80, 81, 95, 99, 105, 116, 117, 118, 135, 136, 137,
            153, 154, 155, 160, 164, 165, 166, 176, 177, 178, 201, 202, 203,
            209, 210, 212, 213, 214, 220, 222, 223, 224, 225, 227, 228, 229,
            231, 232, 233, 234, 235, 236, 237, 238, 239, 240, 241, 242, 243,
            245, 246, 248, 249, 251, 252, 253, 254, 256, 257, 263, 264, 265,
            269, 270, 274, 275, 276, 278, 279, 280, 286, 290, 291, 295, 296,
            297, 298, 299, 300, 302, 305, 307, 313, 314, 315, 316, 318, 319,
            320, 323, 331, 332, 338, 340, 341, 343, 344, 346, 347, 348, 349, 350
          ],
          "summary": {
            "covered_lines": 107,
            "num_statements": 107,
            "percent_covered": 100.0,
            "percent_covered_display": "100",
            "missing_lines": 0,
            "excluded_lines": 0
          },
          "missing_lines": [],
          "excluded_lines": []
        },
        "": {
          "executed_lines": [
            1, 8, 10, 11, 12, 13, 14, 15, 17, 19, 21, 33, 37, 40, 41, 42, 44,
            45, 46, 47, 48, 49, 52, 53, 66, 85, 97, 113, 114, 120, 141, 180,
            261, 267, 272, 293, 311, 327
          ],
          "summary": {
            "covered_lines": 35,
            "num_statements": 35,
            "percent_covered": 100.0,
            "percent_covered_display": "100",
            "missing_lines": 0,
            "excluded_lines": 0
          },
          "missing_lines": [],
          "excluded_lines": []
        }
      }
    },
    "custom_components/actronair_neo/api/client.py": {
      "executed_lines": [
        1, 9, 11, 12, 13, 14, 15, 17, 19, 26, 40, 48, 51, 54, 55, 57, 59, 60,
        61, 63, 65, 67, 69, 71, 73, 74, 75, 76, 77, 78, 79, 80, 83, 85, 87, 90,
        91, 93, 98, 99, 100, 102, 104, 105, 106, 108, 109, 111, 112, 113, 115,
        117, 119, 120, 122, 124, 125, 127, 129, 130, 132, 134, 135, 136, 141,
        142, 145, 146, 148, 154, 155, 158, 159, 160, 161, 164, 165, 166, 169,
        170, 175, 178, 179, 180, 181, 184, 186, 188, 189, 190, 197, 211, 212,
        213, 214, 215, 216, 219, 221, 224, 225, 229, 238, 239, 240, 241, 242,
        243, 244, 245, 247, 250, 254, 255, 256, 260, 261, 262, 264, 266, 267,
        269, 277, 280, 282, 284, 285, 286, 287, 288, 289, 291, 293, 295, 296,
        297, 298, 300, 302, 309, 310, 312, 313, 314, 316, 317, 318, 322, 323,
        325, 327, 328, 329, 334, 339, 340, 341, 342, 346, 347, 349, 350, 351,
        352, 354, 355, 356, 358, 359, 361, 362, 364, 371, 372, 373, 375, 376,
        380, 389, 390, 391, 392, 397, 398, 399, 400, 407, 408, 409, 411, 412,
        420, 421, 422, 423, 424, 426, 434, 435, 436, 439, 440, 441, 442, 443,
        446, 447, 448, 449, 450, 451, 452, 455, 456, 458, 459, 460, 463, 464,
        465, 468, 469, 471, 473, 474, 475, 476, 478, 480, 484, 487, 489, 490,
        491, 492, 493, 497, 498, 500, 501, 506, 507, 510, 512, 514, 515, 519,
        521, 603, 607, 612, 613, 615, 617, 618, 621, 622, 623, 627, 629, 630,
        634, 636, 638, 645, 646, 647, 648, 649, 650, 651, 652, 654, 658, 672,
        680, 681, 682, 685, 686, 687, 690, 693, 694, 695, 698, 699, 700, 706,
        707, 716, 723, 727, 729, 731, 733, 734, 735, 737, 738, 739, 741, 742,
        746, 748, 749, 754, 756, 757, 762, 766, 768, 769, 771, 778, 779, 781,
        782, 783, 787, 788, 789, 791, 793, 794, 795, 796, 797, 798, 802, 803,
        804, 805, 806, 808, 811, 812, 814, 821, 822, 823, 825, 826, 827, 829,
        830, 831, 832, 833, 835, 837, 844, 845, 847, 849, 850, 852, 854, 855,
        857, 859, 860, 862, 864, 865, 867, 869, 870, 874, 876, 877, 878, 880,
        882, 883, 885, 887
      ],
      "summary": {
        "covered_lines": 372,
        "num_statements": 372,
        "percent_covered": 100.0,
        "percent_covered_display": "100",
        "missing_lines": 0,
        "excluded_lines": 2
      },
      "missing_lines": [],
      "excluded_lines": [48, 49],
      "functions": {
        "RateLimiter.__init__": {
          "executed_lines": [59, 60, 61],
          "summary": {
            "covered_lines": 3,
            "num_statements": 3,
            "percent_covered": 100.0,
            "percent_covered_display": "100",
            "missing_lines": 0,
            "excluded_lines": 0
          },
          "missing_lines": [],
          "excluded_lines": []
        },
        "RateLimiter.__aenter__": {
          "executed_lines": [65],
          "summary": {
            "covered_lines": 1,
            "num_statements": 1,
            "percent_covered": 100.0,
            "percent_covered_display": "100",
            "missing_lines": 0,
            "excluded_lines": 0
          },
          "missing_lines": [],
          "excluded_lines": []
        },
        "RateLimiter.__aexit__": {
          "executed_lines": [69],
          "summary": {
            "covered_lines": 1,
            "num_statements": 1,
            "percent_covered": 100.0,
            "percent_covered_display": "100",
            "missing_lines": 0,
            "excluded_lines": 0
          },
          "missing_lines": [],
          "excluded_lines": []
        },
        "RateLimiter.acquire": {
          "executed_lines": [73, 74, 75, 76, 77, 78, 79, 80, 83],
          "summary": {
            "covered_lines": 9,
            "num_statements": 9,
            "percent_covered": 100.0,
            "percent_covered_display": "100",
            "missing_lines": 0,
            "excluded_lines": 0
          },
          "missing_lines": [],
          "excluded_lines": []
        },
        "RateLimiter.release": {
          "executed_lines": [87],
          "summary": {
            "covered_lines": 1,
            "num_statements": 1,
            "percent_covered": 100.0,
            "percent_covered_display": "100",
            "missing_lines": 0,
            "excluded_lines": 0
          },
          "missing_lines": [],
          "excluded_lines": []
        },
        "ResponseCache.__init__": {
          "executed_lines": [98, 99, 100],
          "summary": {
            "covered_lines": 3,
            "num_statements": 3,
            "percent_covered": 100.0,
            "percent_covered_display": "100",
            "missing_lines": 0,
            "excluded_lines": 0
          },
          "missing_lines": [],
          "excluded_lines": []
        },
        "ResponseCache.get": {
          "executed_lines": [104, 105, 106, 108, 109, 111, 112, 113, 115],
          "summary": {
            "covered_lines": 9,
            "num_statements": 9,
            "percent_covered": 100.0,
            "percent_covered_display": "100",
            "missing_lines": 0,
            "excluded_lines": 0
          },
          "missing_lines": [],
          "excluded_lines": []
        },
        "ResponseCache.set": {
          "executed_lines": [119, 120],
          "summary": {
            "covered_lines": 2,
            "num_statements": 2,
            "percent_covered": 100.0,
            "percent_covered_display": "100",
            "missing_lines": 0,
            "excluded_lines": 0
          },
          "missing_lines": [],
          "excluded_lines": []
        },
        "ResponseCache.invalidate": {
          "executed_lines": [124, 125],
          "summary": {
            "covered_lines": 2,
            "num_statements": 2,
            "percent_covered": 100.0,
            "percent_covered_display": "100",
            "missing_lines": 0,
            "excluded_lines": 0
          },
          "missing_lines": [],
          "excluded_lines": []
        },
        "ResponseCache.clear": {
          "executed_lines": [129, 130],
          "summary": {
            "covered_lines": 2,
            "num_statements": 2,
            "percent_covered": 100.0,
            "percent_covered_display": "100",
            "missing_lines": 0,
            "excluded_lines": 0
          },
          "missing_lines": [],
          "excluded_lines": []
        },
        "ResponseCache.cleanup_expired": {
          "executed_lines": [134, 135, 136, 141, 142],
          "summary": {
            "covered_lines": 5,
            "num_statements": 5,
            "percent_covered": 100.0,
            "percent_covered_display": "100",
            "missing_lines": 0,
            "excluded_lines": 0
          },
          "missing_lines": [],
          "excluded_lines": []
        },
        "ActronAirNeoApiClient.__init__": {
          "executed_lines": [
            154, 155, 158, 159, 160, 161, 164, 165, 166, 169, 170, 175, 178,
            179, 180, 181, 184
          ],
          "summary": {
            "covered_lines": 17,
            "num_statements": 17,
            "percent_covered": 100.0,
            "percent_covered_display": "100",
            "missing_lines": 0,
            "excluded_lines": 0
          },
          "missing_lines": [],
          "excluded_lines": []
        },
        "ActronAirNeoApiClient.is_api_healthy": {
          "executed_lines": [188, 189, 190],
          "summary": {
            "covered_lines": 3,
            "num_statements": 3,
            "percent_covered": 100.0,
            "percent_covered_display": "100",
            "missing_lines": 0,
            "excluded_lines": 0
          },
          "missing_lines": [],
          "excluded_lines": []
        },
        "ActronAirNeoApiClient.set_system": {
          "executed_lines": [211, 212, 213, 214, 215, 216],
          "summary": {
            "covered_lines": 6,
            "num_statements": 6,
            "percent_covered": 100.0,
            "percent_covered_display": "100",
            "missing_lines": 0,
            "excluded_lines": 0
          },
          "missing_lines": [],
          "excluded_lines": []
        },
        "ActronAirNeoApiClient.initialize": {
          "executed_lines": [221, 224, 225],
          "summary": {
            "covered_lines": 3,
            "num_statements": 3,
            "percent_covered": 100.0,
            "percent_covered_display": "100",
            "missing_lines": 0,
            "excluded_lines": 0
          },
          "missing_lines": [],
          "excluded_lines": []
        },
        "ActronAirNeoApiClient._make_request": {
          "executed_lines": [
            238, 239, 240, 241, 242, 243, 244, 245, 247, 250, 254, 255, 256,
            260, 261, 262, 264, 266, 267
          ],
          "summary": {
            "covered_lines": 19,
            "num_statements": 19,
            "percent_covered": 100.0,
            "percent_covered_display": "100",
            "missing_lines": 0,
            "excluded_lines": 0
          },
          "missing_lines": [],
          "excluded_lines": []
        },
        "ActronAirNeoApiClient._execute_request": {
          "executed_lines": [277, 280, 282, 284, 285, 286, 287, 288, 289, 291],
          "summary": {
            "covered_lines": 10,
            "num_statements": 10,
            "percent_covered": 100.0,
            "percent_covered_display": "100",
            "missing_lines": 0,
            "excluded_lines": 0
          },
          "missing_lines": [],
          "excluded_lines": []
        },
        "ActronAirNeoApiClient._try_parse_json": {
          "executed_lines": [295, 296, 297, 298, 300],
          "summary": {
            "covered_lines": 5,
            "num_statements": 5,
            "percent_covered": 100.0,
            "percent_covered_display": "100",
            "missing_lines": 0,
            "excluded_lines": 0
          },
          "missing_lines": [],
          "excluded_lines": []
        },
        "ActronAirNeoApiClient._handle_error_status": {
          "executed_lines": [
            309, 310, 312, 313, 314, 316, 317, 318, 322, 323, 325, 327, 328,
            329, 334, 339, 340, 341, 342, 346, 347, 349, 350, 351, 352, 354,
            355, 356, 358, 359, 361, 362
          ],
          "summary": {
            "covered_lines": 32,
            "num_statements": 32,
            "percent_covered": 100.0,
            "percent_covered_display": "100",
            "missing_lines": 0,
            "excluded_lines": 0
          },
          "missing_lines": [],
          "excluded_lines": []
        },
        "ActronAirNeoApiClient._handle_server_error": {
          "executed_lines": [371, 372, 373, 375, 376],
          "summary": {
            "covered_lines": 5,
            "num_statements": 5,
            "percent_covered": 100.0,
            "percent_covered_display": "100",
            "missing_lines": 0,
            "excluded_lines": 0
          },
          "missing_lines": [],
          "excluded_lines": []
        },
        "ActronAirNeoApiClient.get_devices": {
          "executed_lines": [
            389, 390, 391, 392, 397, 398, 399, 400, 407, 408, 409
          ],
          "summary": {
            "covered_lines": 11,
            "num_statements": 11,
            "percent_covered": 100.0,
            "percent_covered_display": "100",
            "missing_lines": 0,
            "excluded_lines": 0
          },
          "missing_lines": [],
          "excluded_lines": []
        },
        "ActronAirNeoApiClient._resolve_base_url": {
          "executed_lines": [420, 421, 422, 423, 424],
          "summary": {
            "covered_lines": 5,
            "num_statements": 5,
            "percent_covered": 100.0,
            "percent_covered_display": "100",
            "missing_lines": 0,
            "excluded_lines": 0
          },
          "missing_lines": [],
          "excluded_lines": []
        },
        "ActronAirNeoApiClient.get_ac_status": {
          "executed_lines": [
            434, 435, 436, 439, 440, 441, 442, 443, 446, 447, 448, 449, 450,
            451, 452, 455, 456, 458, 459, 460, 463, 464, 465, 468, 469, 471,
            473, 474, 475, 476, 478
          ],
          "summary": {
            "covered_lines": 31,
            "num_statements": 31,
            "percent_covered": 100.0,
            "percent_covered_display": "100",
            "missing_lines": 0,
            "excluded_lines": 0
          },
          "missing_lines": [],
          "excluded_lines": []
        },
        "ActronAirNeoApiClient.send_command": {
          "executed_lines": [
            484, 487, 489, 490, 491, 492, 493, 497, 498, 500, 501, 506, 507,
            510, 512, 514, 515
          ],
          "summary": {
            "covered_lines": 17,
            "num_statements": 17,
            "percent_covered": 100.0,
            "percent_covered_display": "100",
            "missing_lines": 0,
            "excluded_lines": 0
          },
          "missing_lines": [],
          "excluded_lines": []
        },
        "ActronAirNeoApiClient.create_command": {
          "executed_lines": [521, 603],
          "summary": {
            "covered_lines": 2,
            "num_statements": 2,
            "percent_covered": 100.0,
            "percent_covered_display": "100",
            "missing_lines": 0,
            "excluded_lines": 0
          },
          "missing_lines": [],
          "excluded_lines": []
        },
        "ActronAirNeoApiClient.get_zone_statuses": {
          "executed_lines": [
            612, 613, 615, 617, 618, 621, 622, 623, 627, 629, 630, 634, 636
          ],
          "summary": {
            "covered_lines": 13,
            "num_statements": 13,
            "percent_covered": 100.0,
            "percent_covered_display": "100",
            "missing_lines": 0,
            "excluded_lines": 0
          },
          "missing_lines": [],
          "excluded_lines": []
        },
        "ActronAirNeoApiClient.set_zone_state": {
          "executed_lines": [645, 646, 647, 648, 649, 650, 651, 652],
          "summary": {
            "covered_lines": 8,
            "num_statements": 8,
            "percent_covered": 100.0,
            "percent_covered_display": "100",
            "missing_lines": 0,
            "excluded_lines": 0
          },
          "missing_lines": [],
          "excluded_lines": []
        },
        "ActronAirNeoApiClient.get_zone_capabilities": {
          "executed_lines": [658],
          "summary": {
            "covered_lines": 1,
            "num_statements": 1,
            "percent_covered": 100.0,
            "percent_covered_display": "100",
            "missing_lines": 0,
            "excluded_lines": 0
          },
          "missing_lines": [],
          "excluded_lines": []
        },
        "ActronAirNeoApiClient.set_zone_temperature": {
          "executed_lines": [
            680, 681, 682, 685, 686, 687, 690, 693, 694, 695, 698, 699, 700,
            706, 707, 716, 723, 727, 729
          ],
          "summary": {
            "covered_lines": 19,
            "num_statements": 19,
            "percent_covered": 100.0,
            "percent_covered_display": "100",
            "missing_lines": 0,
            "excluded_lines": 0
          },
          "missing_lines": [],
          "excluded_lines": []
        },
        "ActronAirNeoApiClient.set_zone_airflow": {
          "executed_lines": [
            733, 734, 735, 737, 738, 739, 741, 742, 746, 748, 749, 754, 756,
            757, 762
          ],
          "summary": {
            "covered_lines": 15,
            "num_statements": 15,
            "percent_covered": 100.0,
            "percent_covered_display": "100",
            "missing_lines": 0,
            "excluded_lines": 0
          },
          "missing_lines": [],
          "excluded_lines": []
        },
        "ActronAirNeoApiClient.set_climate_mode": {
          "executed_lines": [768, 769],
          "summary": {
            "covered_lines": 2,
            "num_statements": 2,
            "percent_covered": 100.0,
            "percent_covered_display": "100",
            "missing_lines": 0,
            "excluded_lines": 0
          },
          "missing_lines": [],
          "excluded_lines": []
        },
        "ActronAirNeoApiClient.set_fan_mode": {
          "executed_lines": [
            778, 779, 781, 782, 783, 787, 788, 789, 791, 793, 794, 795, 796,
            797, 798, 802, 803, 804, 805, 806, 808, 811, 812
          ],
          "summary": {
            "covered_lines": 23,
            "num_statements": 23,
            "percent_covered": 100.0,
            "percent_covered_display": "100",
            "missing_lines": 0,
            "excluded_lines": 0
          },
          "missing_lines": [],
          "excluded_lines": []
        },
        "ActronAirNeoApiClient.validate_fan_mode": {
          "executed_lines": [
            821, 822, 823, 825, 826, 827, 829, 830, 831, 832, 833, 835
          ],
          "summary": {
            "covered_lines": 12,
            "num_statements": 12,
            "percent_covered": 100.0,
            "percent_covered_display": "100",
            "missing_lines": 0,
            "excluded_lines": 0
          },
          "missing_lines": [],
          "excluded_lines": []
        },
        "ActronAirNeoApiClient.set_temperature": {
          "executed_lines": [844, 845],
          "summary": {
            "covered_lines": 2,
            "num_statements": 2,
            "percent_covered": 100.0,
            "percent_covered_display": "100",
            "missing_lines": 0,
            "excluded_lines": 0
          },
          "missing_lines": [],
          "excluded_lines": []
        },
        "ActronAirNeoApiClient.set_away_mode": {
          "executed_lines": [849, 850],
          "summary": {
            "covered_lines": 2,
            "num_statements": 2,
            "percent_covered": 100.0,
            "percent_covered_display": "100",
            "missing_lines": 0,
            "excluded_lines": 0
          },
          "missing_lines": [],
          "excluded_lines": []
        },
        "ActronAirNeoApiClient.set_quiet_mode": {
          "executed_lines": [854, 855],
          "summary": {
            "covered_lines": 2,
            "num_statements": 2,
            "percent_covered": 100.0,
            "percent_covered_display": "100",
            "missing_lines": 0,
            "excluded_lines": 0
          },
          "missing_lines": [],
          "excluded_lines": []
        },
        "ActronAirNeoApiClient.set_turbo_mode": {
          "executed_lines": [859, 860],
          "summary": {
            "covered_lines": 2,
            "num_statements": 2,
            "percent_covered": 100.0,
            "percent_covered_display": "100",
            "missing_lines": 0,
            "excluded_lines": 0
          },
          "missing_lines": [],
          "excluded_lines": []
        },
        "ActronAirNeoApiClient.set_after_hours": {
          "executed_lines": [864, 865],
          "summary": {
            "covered_lines": 2,
            "num_statements": 2,
            "percent_covered": 100.0,
            "percent_covered_display": "100",
            "missing_lines": 0,
            "excluded_lines": 0
          },
          "missing_lines": [],
          "excluded_lines": []
        },
        "ActronAirNeoApiClient.set_after_hours_duration": {
          "executed_lines": [869, 870],
          "summary": {
            "covered_lines": 2,
            "num_statements": 2,
            "percent_covered": 100.0,
            "percent_covered_display": "100",
            "missing_lines": 0,
            "excluded_lines": 0
          },
          "missing_lines": [],
          "excluded_lines": []
        },
        "ActronAirNeoApiClient._invalidate_status_cache": {
          "executed_lines": [876, 877, 878],
          "summary": {
            "covered_lines": 3,
            "num_statements": 3,
            "percent_covered": 100.0,
            "percent_covered_display": "100",
            "missing_lines": 0,
            "excluded_lines": 0
          },
          "missing_lines": [],
          "excluded_lines": []
        },
        "ActronAirNeoApiClient.clear_all_caches": {
          "executed_lines": [882, 883],
          "summary": {
            "covered_lines": 2,
            "num_statements": 2,
            "percent_covered": 100.0,
            "percent_covered_display": "100",
            "missing_lines": 0,
            "excluded_lines": 0
          },
          "missing_lines": [],
          "excluded_lines": []
        },
        "ActronAirNeoApiClient.cleanup_expired_cache": {
          "executed_lines": [887],
          "summary": {
            "covered_lines": 1,
            "num_statements": 1,
            "percent_covered": 100.0,
            "percent_covered_display": "100",
            "missing_lines": 0,
            "excluded_lines": 0
          },
          "missing_lines": [],
          "excluded_lines": []
        },
        "": {
          "executed_lines": [
            1, 9, 11, 12, 13, 14, 15, 17, 19, 26, 40, 48, 51, 54, 55, 57, 63,
            67, 71, 85, 90, 91, 93, 102, 117, 122, 127, 132, 145, 146, 148, 186,
            197, 219, 229, 269, 293, 302, 364, 380, 411, 412, 426, 480, 519,
            607, 638, 654, 672, 731, 766, 771, 814, 837, 847, 852, 857, 862,
            867, 874, 880, 885
          ],
          "summary": {
            "covered_lines": 57,
            "num_statements": 57,
            "percent_covered": 100.0,
            "percent_covered_display": "100",
            "missing_lines": 0,
            "excluded_lines": 2
          },
          "missing_lines": [],
          "excluded_lines": [48, 49]
        }
      },
      "classes": {
        "RateLimiter": {
          "executed_lines": [
            59, 60, 61, 65, 69, 73, 74, 75, 76, 77, 78, 79, 80, 83, 87
          ],
          "summary": {
            "covered_lines": 15,
            "num_statements": 15,
            "percent_covered": 100.0,
            "percent_covered_display": "100",
            "missing_lines": 0,
            "excluded_lines": 0
          },
          "missing_lines": [],
          "excluded_lines": []
        },
        "ResponseCache": {
          "executed_lines": [
            98, 99, 100, 104, 105, 106, 108, 109, 111, 112, 113, 115, 119, 120,
            124, 125, 129, 130, 134, 135, 136, 141, 142
          ],
          "summary": {
            "covered_lines": 23,
            "num_statements": 23,
            "percent_covered": 100.0,
            "percent_covered_display": "100",
            "missing_lines": 0,
            "excluded_lines": 0
          },
          "missing_lines": [],
          "excluded_lines": []
        },
        "ActronAirNeoApiClient": {
          "executed_lines": [
            154, 155, 158, 159, 160, 161, 164, 165, 166, 169, 170, 175, 178,
            179, 180, 181, 184, 188, 189, 190, 211, 212, 213, 214, 215, 216,
            221, 224, 225, 238, 239, 240, 241, 242, 243, 244, 245, 247, 250,
            254, 255, 256, 260, 261, 262, 264, 266, 267, 277, 280, 282, 284,
            285, 286, 287, 288, 289, 291, 295, 296, 297, 298, 300, 309, 310,
            312, 313, 314, 316, 317, 318, 322, 323, 325, 327, 328, 329, 334,
            339, 340, 341, 342, 346, 347, 349, 350, 351, 352, 354, 355, 356,
            358, 359, 361, 362, 371, 372, 373, 375, 376, 389, 390, 391, 392,
            397, 398, 399, 400, 407, 408, 409, 420, 421, 422, 423, 424, 434,
            435, 436, 439, 440, 441, 442, 443, 446, 447, 448, 449, 450, 451,
            452, 455, 456, 458, 459, 460, 463, 464, 465, 468, 469, 471, 473,
            474, 475, 476, 478, 484, 487, 489, 490, 491, 492, 493, 497, 498,
            500, 501, 506, 507, 510, 512, 514, 515, 521, 603, 612, 613, 615,
            617, 618, 621, 622, 623, 627, 629, 630, 634, 636, 645, 646, 647,
            648, 649, 650, 651, 652, 658, 680, 681, 682, 685, 686, 687, 690,
            693, 694, 695, 698, 699, 700, 706, 707, 716, 723, 727, 729, 733,
            734, 735, 737, 738, 739, 741, 742, 746, 748, 749, 754, 756, 757,
            762, 768, 769, 778, 779, 781, 782, 783, 787, 788, 789, 791, 793,
            794, 795, 796, 797, 798, 802, 803, 804, 805, 806, 808, 811, 812,
            821, 822, 823, 825, 826, 827, 829, 830, 831, 832, 833, 835, 844,
            845, 849, 850, 854, 855, 859, 860, 864, 865, 869, 870, 876, 877,
            878, 882, 883, 887
          ],
          "summary": {
            "covered_lines": 277,
            "num_statements": 277,
            "percent_covered": 100.0,
            "percent_covered_display": "100",
            "missing_lines": 0,
            "excluded_lines": 0
          },
          "missing_lines": [],
          "excluded_lines": []
        },
        "": {
          "executed_lines": [
            1, 9, 11, 12, 13, 14, 15, 17, 19, 26, 40, 48, 51, 54, 55, 57, 63,
            67, 71, 85, 90, 91, 93, 102, 117, 122, 127, 132, 145, 146, 148, 186,
            197, 219, 229, 269, 293, 302, 364, 380, 411, 412, 426, 480, 519,
            607, 638, 654, 672, 731, 766, 771, 814, 837, 847, 852, 857, 862,
            867, 874, 880, 885
          ],
          "summary": {
            "covered_lines": 57,
            "num_statements": 57,
            "percent_covered": 100.0,
            "percent_covered_display": "100",
            "missing_lines": 0,
            "excluded_lines": 2
          },
          "missing_lines": [],
          "excluded_lines": [48, 49]
        }
      }
    },
    "custom_components/actronair_neo/api/const.py": {
      "executed_lines": [
        1, 3, 5, 8, 9, 12, 15, 16, 17, 18, 21, 22, 25, 26, 27, 28, 31, 32, 33,
        34, 37, 38, 39, 42
      ],
      "summary": {
        "covered_lines": 23,
        "num_statements": 23,
        "percent_covered": 100.0,
        "percent_covered_display": "100",
        "missing_lines": 0,
        "excluded_lines": 0
      },
      "missing_lines": [],
      "excluded_lines": [],
      "functions": {
        "": {
          "executed_lines": [
            1, 3, 5, 8, 9, 12, 15, 16, 17, 18, 21, 22, 25, 26, 27, 28, 31, 32,
            33, 34, 37, 38, 39, 42
          ],
          "summary": {
            "covered_lines": 23,
            "num_statements": 23,
            "percent_covered": 100.0,
            "percent_covered_display": "100",
            "missing_lines": 0,
            "excluded_lines": 0
          },
          "missing_lines": [],
          "excluded_lines": []
        }
      },
      "classes": {
        "": {
          "executed_lines": [
            1, 3, 5, 8, 9, 12, 15, 16, 17, 18, 21, 22, 25, 26, 27, 28, 31, 32,
            33, 34, 37, 38, 39, 42
          ],
          "summary": {
            "covered_lines": 23,
            "num_statements": 23,
            "percent_covered": 100.0,
            "percent_covered_display": "100",
            "missing_lines": 0,
            "excluded_lines": 0
          },
          "missing_lines": [],
          "excluded_lines": []
        }
      }
    },
    "custom_components/actronair_neo/api/models.py": {
      "executed_lines": [
        1, 8, 10, 12, 17, 18, 20, 22, 23, 24, 25, 28, 29, 31, 33, 34, 35, 36,
        37, 43, 44, 46, 48, 49, 50, 51, 52, 53, 54, 57, 58, 60, 62, 63, 64, 65,
        66, 67, 68, 69, 70, 71, 72, 73, 74, 75, 76, 78, 79, 80, 81, 82, 88, 89,
        91, 93, 94, 95, 96, 97, 98, 101, 102, 103, 104, 105, 106, 107, 108, 109,
        110, 111, 112, 113, 114, 116, 117, 118, 119, 120, 121, 122, 123, 124,
        125, 126, 129, 130, 132, 134, 135, 136, 142, 143, 145, 147, 148, 151,
        152, 154, 156, 157, 160, 161, 163, 165, 166, 167, 168, 169, 170, 171,
        172, 175, 176, 178, 180, 181, 182, 185, 188, 189, 192, 193, 195, 197,
        202, 203, 205, 207, 208, 211, 212, 214, 216, 219, 220, 221, 222, 223,
        224, 227, 230, 231, 233, 235, 240, 241
      ],
      "summary": {
        "covered_lines": 133,
        "num_statements": 133,
        "percent_covered": 100.0,
        "percent_covered_display": "100",
        "missing_lines": 0,
        "excluded_lines": 0
      },
      "missing_lines": [],
      "excluded_lines": [],
      "functions": {
        "": {
          "executed_lines": [
            1, 8, 10, 12, 17, 18, 20, 22, 23, 24, 25, 28, 29, 31, 33, 34, 35,
            36, 37, 43, 44, 46, 48, 49, 50, 51, 52, 53, 54, 57, 58, 60, 62, 63,
            64, 65, 66, 67, 68, 69, 70, 71, 72, 73, 74, 75, 76, 78, 79, 80, 81,
            82, 88, 89, 91, 93, 94, 95, 96, 97, 98, 101, 102, 103, 104, 105,
            106, 107, 108, 109, 110, 111, 112, 113, 114, 116, 117, 118, 119,
            120, 121, 122, 123, 124, 125, 126, 129, 130, 132, 134, 135, 136,
            142, 143, 145, 147, 148, 151, 152, 154, 156, 157, 160, 161, 163,
            165, 166, 167, 168, 169, 170, 171, 172, 175, 176, 178, 180, 181,
            182, 185, 188, 189, 192, 193, 195, 197, 202, 203, 205, 207, 208,
            211, 212, 214, 216, 219, 220, 221, 222, 223, 224, 227, 230, 231,
            233, 235, 240, 241
          ],
          "summary": {
            "covered_lines": 133,
            "num_statements": 133,
            "percent_covered": 100.0,
            "percent_covered_display": "100",
            "missing_lines": 0,
            "excluded_lines": 0
          },
          "missing_lines": [],
          "excluded_lines": []
        }
      },
      "classes": {
        "TokenResponse": {
          "executed_lines": [],
          "summary": {
            "covered_lines": 0,
            "num_statements": 0,
            "percent_covered": 100.0,
            "percent_covered_display": "100",
            "missing_lines": 0,
            "excluded_lines": 0
          },
          "missing_lines": [],
          "excluded_lines": []
        },
        "DeviceInfo": {
          "executed_lines": [],
          "summary": {
            "covered_lines": 0,
            "num_statements": 0,
            "percent_covered": 100.0,
            "percent_covered_display": "100",
            "missing_lines": 0,
            "excluded_lines": 0
          },
          "missing_lines": [],
          "excluded_lines": []
        },
        "ZoneCapabilities": {
          "executed_lines": [],
          "summary": {
            "covered_lines": 0,
            "num_statements": 0,
            "percent_covered": 100.0,
            "percent_covered_display": "100",
            "missing_lines": 0,
            "excluded_lines": 0
          },
          "missing_lines": [],
          "excluded_lines": []
        },
        "ZoneData": {
          "executed_lines": [],
          "summary": {
            "covered_lines": 0,
            "num_statements": 0,
            "percent_covered": 100.0,
            "percent_covered_display": "100",
            "missing_lines": 0,
            "excluded_lines": 0
          },
          "missing_lines": [],
          "excluded_lines": []
        },
        "MainData": {
          "executed_lines": [],
          "summary": {
            "covered_lines": 0,
            "num_statements": 0,
            "percent_covered": 100.0,
            "percent_covered_display": "100",
            "missing_lines": 0,
            "excluded_lines": 0
          },
          "missing_lines": [],
          "excluded_lines": []
        },
        "CoordinatorData": {
          "executed_lines": [],
          "summary": {
            "covered_lines": 0,
            "num_statements": 0,
            "percent_covered": 100.0,
            "percent_covered_display": "100",
            "missing_lines": 0,
            "excluded_lines": 0
          },
          "missing_lines": [],
          "excluded_lines": []
        },
        "MasterSensorInfo": {
          "executed_lines": [],
          "summary": {
            "covered_lines": 0,
            "num_statements": 0,
            "percent_covered": 100.0,
            "percent_covered_display": "100",
            "missing_lines": 0,
            "excluded_lines": 0
          },
          "missing_lines": [],
          "excluded_lines": []
        },
        "LiveAirconInfo": {
          "executed_lines": [],
          "summary": {
            "covered_lines": 0,
            "num_statements": 0,
            "percent_covered": 100.0,
            "percent_covered_display": "100",
            "missing_lines": 0,
            "excluded_lines": 0
          },
          "missing_lines": [],
          "excluded_lines": []
        },
        "UserAirconSettings": {
          "executed_lines": [],
          "summary": {
            "covered_lines": 0,
            "num_statements": 0,
            "percent_covered": 100.0,
            "percent_covered_display": "100",
            "missing_lines": 0,
            "excluded_lines": 0
          },
          "missing_lines": [],
          "excluded_lines": []
        },
        "LastKnownState": {
          "executed_lines": [],
          "summary": {
            "covered_lines": 0,
            "num_statements": 0,
            "percent_covered": 100.0,
            "percent_covered_display": "100",
            "missing_lines": 0,
            "excluded_lines": 0
          },
          "missing_lines": [],
          "excluded_lines": []
        },
        "AcStatusResponse": {
          "executed_lines": [],
          "summary": {
            "covered_lines": 0,
            "num_statements": 0,
            "percent_covered": 100.0,
            "percent_covered_display": "100",
            "missing_lines": 0,
            "excluded_lines": 0
          },
          "missing_lines": [],
          "excluded_lines": []
        },
        "CommandResponse": {
          "executed_lines": [],
          "summary": {
            "covered_lines": 0,
            "num_statements": 0,
            "percent_covered": 100.0,
            "percent_covered_display": "100",
            "missing_lines": 0,
            "excluded_lines": 0
          },
          "missing_lines": [],
          "excluded_lines": []
        },
        "PeripheralData": {
          "executed_lines": [],
          "summary": {
            "covered_lines": 0,
            "num_statements": 0,
            "percent_covered": 100.0,
            "percent_covered_display": "100",
            "missing_lines": 0,
            "excluded_lines": 0
          },
          "missing_lines": [],
          "excluded_lines": []
        },
        "CommandData": {
          "executed_lines": [],
          "summary": {
            "covered_lines": 0,
            "num_statements": 0,
            "percent_covered": 100.0,
            "percent_covered_display": "100",
            "missing_lines": 0,
            "excluded_lines": 0
          },
          "missing_lines": [],
          "excluded_lines": []
        },
        "": {
          "executed_lines": [
            1, 8, 10, 12, 17, 18, 20, 22, 23, 24, 25, 28, 29, 31, 33, 34, 35,
            36, 37, 43, 44, 46, 48, 49, 50, 51, 52, 53, 54, 57, 58, 60, 62, 63,
            64, 65, 66, 67, 68, 69, 70, 71, 72, 73, 74, 75, 76, 78, 79, 80, 81,
            82, 88, 89, 91, 93, 94, 95, 96, 97, 98, 101, 102, 103, 104, 105,
            106, 107, 108, 109, 110, 111, 112, 113, 114, 116, 117, 118, 119,
            120, 121, 122, 123, 124, 125, 126, 129, 130, 132, 134, 135, 136,
            142, 143, 145, 147, 148, 151, 152, 154, 156, 157, 160, 161, 163,
            165, 166, 167, 168, 169, 170, 171, 172, 175, 176, 178, 180, 181,
            182, 185, 188, 189, 192, 193, 195, 197, 202, 203, 205, 207, 208,
            211, 212, 214, 216, 219, 220, 221, 222, 223, 224, 227, 230, 231,
            233, 235, 240, 241
          ],
          "summary": {
            "covered_lines": 133,
            "num_statements": 133,
            "percent_covered": 100.0,
            "percent_covered_display": "100",
            "missing_lines": 0,
            "excluded_lines": 0
          },
          "missing_lines": [],
          "excluded_lines": []
        }
      }
    },
    "custom_components/actronair_neo/binary_sensor.py": {
      "executed_lines": [
        1, 3, 5, 7, 12, 14, 21, 24, 30, 32, 39, 44, 47, 48, 50, 52, 54, 57, 59,
        60, 62, 63, 64, 67, 70, 74, 75, 77, 78, 80, 81, 82, 85, 88, 89, 91, 104,
        105, 110, 111, 113, 115, 117, 118, 124, 125, 127, 128, 130, 131, 134,
        135, 137, 138, 140, 142, 143, 145, 146, 147, 154, 155, 158, 159, 161,
        163, 165, 168, 170, 171, 173, 176, 177, 179, 181, 183, 186, 188, 189,
        191, 192, 194, 195, 197, 198
      ],
      "summary": {
        "covered_lines": 79,
        "num_statements": 79,
        "percent_covered": 100.0,
        "percent_covered_display": "100",
        "missing_lines": 0,
        "excluded_lines": 5
      },
      "missing_lines": [],
      "excluded_lines": [14, 15, 16, 17, 19],
      "functions": {
        "async_setup_entry": {
          "executed_lines": [30, 32, 39, 44],
          "summary": {
            "covered_lines": 4,
            "num_statements": 4,
            "percent_covered": 100.0,
            "percent_covered_display": "100",
            "missing_lines": 0,
            "excluded_lines": 0
          },
          "missing_lines": [],
          "excluded_lines": []
        },
        "ActronHealthMonitorSensor.__init__": {
          "executed_lines": [54, 57],
          "summary": {
            "covered_lines": 2,
            "num_statements": 2,
            "percent_covered": 100.0,
            "percent_covered_display": "100",
            "missing_lines": 0,
            "excluded_lines": 0
          },
          "missing_lines": [],
          "excluded_lines": []
        },
        "ActronHealthMonitorSensor.is_on": {
          "executed_lines": [62, 63, 64, 67, 70, 74, 75],
          "summary": {
            "covered_lines": 7,
            "num_statements": 7,
            "percent_covered": 100.0,
            "percent_covered_display": "100",
            "missing_lines": 0,
            "excluded_lines": 0
          },
          "missing_lines": [],
          "excluded_lines": []
        },
        "ActronHealthMonitorSensor.extra_state_attributes": {
          "executed_lines": [80, 81, 82, 85, 88, 89, 91, 104, 105],
          "summary": {
            "covered_lines": 9,
            "num_statements": 9,
            "percent_covered": 100.0,
            "percent_covered_display": "100",
            "missing_lines": 0,
            "excluded_lines": 0
          },
          "missing_lines": [],
          "excluded_lines": []
        },
        "ActronZoneYourZoneEnabledSensor.__init__": {
          "executed_lines": [117, 118, 124, 125],
          "summary": {
            "covered_lines": 4,
            "num_statements": 4,
            "percent_covered": 100.0,
            "percent_covered_display": "100",
            "missing_lines": 0,
            "excluded_lines": 0
          },
          "missing_lines": [],
          "excluded_lines": []
        },
        "ActronZoneYourZoneEnabledSensor.is_on": {
          "executed_lines": [130, 131, 134, 135],
          "summary": {
            "covered_lines": 4,
            "num_statements": 4,
            "percent_covered": 100.0,
            "percent_covered_display": "100",
            "missing_lines": 0,
            "excluded_lines": 0
          },
          "missing_lines": [],
          "excluded_lines": []
        },
        "ActronZoneYourZoneEnabledSensor.available": {
          "executed_lines": [140],
          "summary": {
            "covered_lines": 1,
            "num_statements": 1,
            "percent_covered": 100.0,
            "percent_covered_display": "100",
            "missing_lines": 0,
            "excluded_lines": 0
          },
          "missing_lines": [],
          "excluded_lines": []
        },
        "ActronZoneYourZoneEnabledSensor.extra_state_attributes": {
          "executed_lines": [145, 146, 147, 154, 155],
          "summary": {
            "covered_lines": 5,
            "num_statements": 5,
            "percent_covered": 100.0,
            "percent_covered_display": "100",
            "missing_lines": 0,
            "excluded_lines": 0
          },
          "missing_lines": [],
          "excluded_lines": []
        },
        "ActronFastHeatingSensor.__init__": {
          "executed_lines": [165, 168],
          "summary": {
            "covered_lines": 2,
            "num_statements": 2,
            "percent_covered": 100.0,
            "percent_covered_display": "100",
            "missing_lines": 0,
            "excluded_lines": 0
          },
          "missing_lines": [],
          "excluded_lines": []
        },
        "ActronFastHeatingSensor.is_on": {
          "executed_lines": [173],
          "summary": {
            "covered_lines": 1,
            "num_statements": 1,
            "percent_covered": 100.0,
            "percent_covered_display": "100",
            "missing_lines": 0,
            "excluded_lines": 0
          },
          "missing_lines": [],
          "excluded_lines": []
        },
        "ActronActiveWarningsSensor.__init__": {
          "executed_lines": [183, 186],
          "summary": {
            "covered_lines": 2,
            "num_statements": 2,
            "percent_covered": 100.0,
            "percent_covered_display": "100",
            "missing_lines": 0,
            "excluded_lines": 0
          },
          "missing_lines": [],
          "excluded_lines": []
        },
        "ActronActiveWarningsSensor.is_on": {
          "executed_lines": [191, 192],
          "summary": {
            "covered_lines": 2,
            "num_statements": 2,
            "percent_covered": 100.0,
            "percent_covered_display": "100",
            "missing_lines": 0,
            "excluded_lines": 0
          },
          "missing_lines": [],
          "excluded_lines": []
        },
        "ActronActiveWarningsSensor.extra_state_attributes": {
          "executed_lines": [197, 198],
          "summary": {
            "covered_lines": 2,
            "num_statements": 2,
            "percent_covered": 100.0,
            "percent_covered_display": "100",
            "missing_lines": 0,
            "excluded_lines": 0
          },
          "missing_lines": [],
          "excluded_lines": []
        },
        "": {
          "executed_lines": [
            1, 3, 5, 7, 12, 14, 21, 24, 47, 48, 50, 52, 59, 60, 77, 78, 110,
            111, 113, 115, 127, 128, 137, 138, 142, 143, 158, 159, 161, 163,
            170, 171, 176, 177, 179, 181, 188, 189, 194, 195
          ],
          "summary": {
            "covered_lines": 34,
            "num_statements": 34,
            "percent_covered": 100.0,
            "percent_covered_display": "100",
            "missing_lines": 0,
            "excluded_lines": 5
          },
          "missing_lines": [],
          "excluded_lines": [14, 15, 16, 17, 19]
        }
      },
      "classes": {
        "ActronHealthMonitorSensor": {
          "executed_lines": [
            54, 57, 62, 63, 64, 67, 70, 74, 75, 80, 81, 82, 85, 88, 89, 91, 104,
            105
          ],
          "summary": {
            "covered_lines": 18,
            "num_statements": 18,
            "percent_covered": 100.0,
            "percent_covered_display": "100",
            "missing_lines": 0,
            "excluded_lines": 0
          },
          "missing_lines": [],
          "excluded_lines": []
        },
        "ActronZoneYourZoneEnabledSensor": {
          "executed_lines": [
            117, 118, 124, 125, 130, 131, 134, 135, 140, 145, 146, 147, 154, 155
          ],
          "summary": {
            "covered_lines": 14,
            "num_statements": 14,
            "percent_covered": 100.0,
            "percent_covered_display": "100",
            "missing_lines": 0,
            "excluded_lines": 0
          },
          "missing_lines": [],
          "excluded_lines": []
        },
        "ActronFastHeatingSensor": {
          "executed_lines": [165, 168, 173],
          "summary": {
            "covered_lines": 3,
            "num_statements": 3,
            "percent_covered": 100.0,
            "percent_covered_display": "100",
            "missing_lines": 0,
            "excluded_lines": 0
          },
          "missing_lines": [],
          "excluded_lines": []
        },
        "ActronActiveWarningsSensor": {
          "executed_lines": [183, 186, 191, 192, 197, 198],
          "summary": {
            "covered_lines": 6,
            "num_statements": 6,
            "percent_covered": 100.0,
            "percent_covered_display": "100",
            "missing_lines": 0,
            "excluded_lines": 0
          },
          "missing_lines": [],
          "excluded_lines": []
        },
        "": {
          "executed_lines": [
            1, 3, 5, 7, 12, 14, 21, 24, 30, 32, 39, 44, 47, 48, 50, 52, 59, 60,
            77, 78, 110, 111, 113, 115, 127, 128, 137, 138, 142, 143, 158, 159,
            161, 163, 170, 171, 176, 177, 179, 181, 188, 189, 194, 195
          ],
          "summary": {
            "covered_lines": 38,
            "num_statements": 38,
            "percent_covered": 100.0,
            "percent_covered_display": "100",
            "missing_lines": 0,
            "excluded_lines": 5
          },
          "missing_lines": [],
          "excluded_lines": [14, 15, 16, 17, 19]
        }
      }
    },
    "custom_components/actronair_neo/climate.py": {
      "executed_lines": [
        1, 3, 5, 6, 8, 13, 19, 23, 25, 34, 36, 43, 45, 47, 54, 56, 63, 66, 72,
        73, 75, 76, 78, 79, 85, 86, 87, 89, 92, 93, 95, 97, 98, 99, 100, 101,
        102, 103, 110, 111, 113, 114, 117, 118, 119, 120, 123, 130, 134, 135,
        137, 139, 140, 142, 144, 145, 147, 148, 149, 150, 151, 153, 154, 156,
        157, 158, 159, 161, 162, 164, 166, 167, 168, 170, 171, 173, 175, 177,
        178, 179, 180, 181, 183, 185, 186, 188, 189, 191, 192, 196, 197, 199,
        201, 203, 206, 207, 210, 211, 212, 215, 218, 220, 222, 223, 224, 225,
        226, 228, 230, 231, 233, 234, 235, 237, 239, 240, 242, 243, 244, 246,
        248, 255, 257, 259, 266, 268, 269, 271, 272, 282, 283, 285, 287, 288,
        290, 293, 294, 296, 297, 298, 301, 306, 307, 313, 314, 317, 324, 326,
        327, 328, 329, 331, 333, 334, 336, 344, 345, 348, 349, 352, 353, 356,
        357, 359, 360, 362, 364, 365, 367, 368, 370, 371, 373, 374, 375, 376,
        378, 380, 394, 395, 396, 397, 398, 399, 400, 401, 402, 403, 404, 405,
        408, 410, 411, 413, 414, 416, 418, 419, 421, 422, 424, 426, 428, 429,
        431, 432, 434, 435, 436, 438, 439, 441, 443, 444, 446, 447, 449, 451,
        453, 454, 456, 457, 465, 466, 467, 475, 476, 477, 478, 480, 484, 486,
        488, 489, 491, 492, 493, 494, 496, 498, 499, 501, 502, 503, 505, 507,
        514, 516, 518, 525, 527, 528, 530, 531, 539, 540, 542
      ],
      "summary": {
        "covered_lines": 253,
        "num_statements": 253,
        "percent_covered": 100.0,
        "percent_covered_display": "100",
        "missing_lines": 0,
        "excluded_lines": 5
      },
      "missing_lines": [],
      "excluded_lines": [36, 37, 38, 39, 41],
      "functions": {
        "async_setup_entry": {
          "executed_lines": [72, 73, 75, 76, 78, 79, 85, 86, 87, 89],
          "summary": {
            "covered_lines": 10,
            "num_statements": 10,
            "percent_covered": 100.0,
            "percent_covered_display": "100",
            "missing_lines": 0,
            "excluded_lines": 0
          },
          "missing_lines": [],
          "excluded_lines": []
        },
        "ActronClimate.__init__": {
          "executed_lines": [97, 98, 99, 100, 101, 102, 103],
          "summary": {
            "covered_lines": 7,
            "num_statements": 7,
            "percent_covered": 100.0,
            "percent_covered_display": "100",
            "missing_lines": 0,
            "excluded_lines": 0
          },
          "missing_lines": [],
          "excluded_lines": []
        },
        "ActronClimate.fan_modes": {
          "executed_lines": [
            113, 114, 117, 118, 119, 120, 123, 130, 134, 135, 137
          ],
          "summary": {
            "covered_lines": 11,
            "num_statements": 11,
            "percent_covered": 100.0,
            "percent_covered_display": "100",
            "missing_lines": 0,
            "excluded_lines": 0
          },
          "missing_lines": [],
          "excluded_lines": []
        },
        "ActronClimate.current_temperature": {
          "executed_lines": [142],
          "summary": {
            "covered_lines": 1,
            "num_statements": 1,
            "percent_covered": 100.0,
            "percent_covered_display": "100",
            "missing_lines": 0,
            "excluded_lines": 0
          },
          "missing_lines": [],
          "excluded_lines": []
        },
        "ActronClimate.target_temperature": {
          "executed_lines": [147, 148, 149, 150, 151],
          "summary": {
            "covered_lines": 5,
            "num_statements": 5,
            "percent_covered": 100.0,
            "percent_covered_display": "100",
            "missing_lines": 0,
            "excluded_lines": 0
          },
          "missing_lines": [],
          "excluded_lines": []
        },
        "ActronClimate.hvac_mode": {
          "executed_lines": [156, 157, 158, 159],
          "summary": {
            "covered_lines": 4,
            "num_statements": 4,
            "percent_covered": 100.0,
            "percent_covered_display": "100",
            "missing_lines": 0,
            "excluded_lines": 0
          },
          "missing_lines": [],
          "excluded_lines": []
        },
        "ActronClimate.fan_mode": {
          "executed_lines": [164, 166, 167, 168],
          "summary": {
            "covered_lines": 4,
            "num_statements": 4,
            "percent_covered": 100.0,
            "percent_covered_display": "100",
            "missing_lines": 0,
            "excluded_lines": 0
          },
          "missing_lines": [],
          "excluded_lines": []
        },
        "ActronClimate.current_humidity": {
          "executed_lines": [173],
          "summary": {
            "covered_lines": 1,
            "num_statements": 1,
            "percent_covered": 100.0,
            "percent_covered_display": "100",
            "missing_lines": 0,
            "excluded_lines": 0
          },
          "missing_lines": [],
          "excluded_lines": []
        },
        "ActronClimate.async_set_temperature": {
          "executed_lines": [177, 178, 179, 180, 181],
          "summary": {
            "covered_lines": 5,
            "num_statements": 5,
            "percent_covered": 100.0,
            "percent_covered_display": "100",
            "missing_lines": 0,
            "excluded_lines": 0
          },
          "missing_lines": [],
          "excluded_lines": []
        },
        "ActronClimate.async_set_hvac_mode": {
          "executed_lines": [185, 186, 188, 189, 191, 192, 196, 197],
          "summary": {
            "covered_lines": 8,
            "num_statements": 8,
            "percent_covered": 100.0,
            "percent_covered_display": "100",
            "missing_lines": 0,
            "excluded_lines": 0
          },
          "missing_lines": [],
          "excluded_lines": []
        },
        "ActronClimate.async_set_fan_mode": {
          "executed_lines": [
            201, 203, 206, 207, 210, 211, 212, 215, 218, 220, 222, 223, 224,
            225, 226
          ],
          "summary": {
            "covered_lines": 15,
            "num_statements": 15,
            "percent_covered": 100.0,
            "percent_covered_display": "100",
            "missing_lines": 0,
            "excluded_lines": 0
          },
          "missing_lines": [],
          "excluded_lines": []
        },
        "ActronClimate.async_turn_on": {
          "executed_lines": [230, 231, 233, 234, 235],
          "summary": {
            "covered_lines": 5,
            "num_statements": 5,
            "percent_covered": 100.0,
            "percent_covered_display": "100",
            "missing_lines": 0,
            "excluded_lines": 0
          },
          "missing_lines": [],
          "excluded_lines": []
        },
        "ActronClimate.async_turn_off": {
          "executed_lines": [239, 240, 242, 243, 244],
          "summary": {
            "covered_lines": 5,
            "num_statements": 5,
            "percent_covered": 100.0,
            "percent_covered_display": "100",
            "missing_lines": 0,
            "excluded_lines": 0
          },
          "missing_lines": [],
          "excluded_lines": []
        },
        "ActronClimate._actron_to_ha_hvac_mode": {
          "executed_lines": [248, 255],
          "summary": {
            "covered_lines": 2,
            "num_statements": 2,
            "percent_covered": 100.0,
            "percent_covered_display": "100",
            "missing_lines": 0,
            "excluded_lines": 0
          },
          "missing_lines": [],
          "excluded_lines": []
        },
        "ActronClimate._ha_to_actron_hvac_mode": {
          "executed_lines": [259, 266],
          "summary": {
            "covered_lines": 2,
            "num_statements": 2,
            "percent_covered": 100.0,
            "percent_covered_display": "100",
            "missing_lines": 0,
            "excluded_lines": 0
          },
          "missing_lines": [],
          "excluded_lines": []
        },
        "ActronClimate.extra_state_attributes": {
          "executed_lines": [271, 272],
          "summary": {
            "covered_lines": 2,
            "num_statements": 2,
            "percent_covered": 100.0,
            "percent_covered_display": "100",
            "missing_lines": 0,
            "excluded_lines": 0
          },
          "missing_lines": [],
          "excluded_lines": []
        },
        "ActronZoneClimate.__init__": {
          "executed_lines": [
            287, 288, 290, 293, 294, 296, 297, 298, 301, 306, 307, 313, 314,
            317, 324, 326, 327, 328, 329, 331
          ],
          "summary": {
            "covered_lines": 20,
            "num_statements": 20,
            "percent_covered": 100.0,
            "percent_covered_display": "100",
            "missing_lines": 0,
            "excluded_lines": 0
          },
          "missing_lines": [],
          "excluded_lines": []
        },
        "ActronZoneClimate.available": {
          "executed_lines": [336],
          "summary": {
            "covered_lines": 1,
            "num_statements": 1,
            "percent_covered": 100.0,
            "percent_covered_display": "100",
            "missing_lines": 0,
            "excluded_lines": 0
          },
          "missing_lines": [],
          "excluded_lines": []
        },
        "ActronZoneClimate.hvac_mode": {
          "executed_lines": [348, 349, 352, 353, 356, 357],
          "summary": {
            "covered_lines": 6,
            "num_statements": 6,
            "percent_covered": 100.0,
            "percent_covered_display": "100",
            "missing_lines": 0,
            "excluded_lines": 0
          },
          "missing_lines": [],
          "excluded_lines": []
        },
        "ActronZoneClimate.current_temperature": {
          "executed_lines": [362],
          "summary": {
            "covered_lines": 1,
            "num_statements": 1,
            "percent_covered": 100.0,
            "percent_covered_display": "100",
            "missing_lines": 0,
            "excluded_lines": 0
          },
          "missing_lines": [],
          "excluded_lines": []
        },
        "ActronZoneClimate.target_temperature": {
          "executed_lines": [367, 368, 370, 371, 373, 374, 375, 376, 378],
          "summary": {
            "covered_lines": 9,
            "num_statements": 9,
            "percent_covered": 100.0,
            "percent_covered_display": "100",
            "missing_lines": 0,
            "excluded_lines": 0
          },
          "missing_lines": [],
          "excluded_lines": []
        },
        "ActronZoneClimate._resolve_zone_target_temp": {
          "executed_lines": [
            394, 395, 396, 397, 398, 399, 400, 401, 402, 403, 404, 405, 408
          ],
          "summary": {
            "covered_lines": 13,
            "num_statements": 13,
            "percent_covered": 100.0,
            "percent_covered_display": "100",
            "missing_lines": 0,
            "excluded_lines": 0
          },
          "missing_lines": [],
          "excluded_lines": []
        },
        "ActronZoneClimate.target_temperature_high": {
          "executed_lines": [413, 414, 416],
          "summary": {
            "covered_lines": 3,
            "num_statements": 3,
            "percent_covered": 100.0,
            "percent_covered_display": "100",
            "missing_lines": 0,
            "excluded_lines": 0
          },
          "missing_lines": [],
          "excluded_lines": []
        },
        "ActronZoneClimate.target_temperature_low": {
          "executed_lines": [421, 422, 424],
          "summary": {
            "covered_lines": 3,
            "num_statements": 3,
            "percent_covered": 100.0,
            "percent_covered_display": "100",
            "missing_lines": 0,
[...]
        52, 53, 55, 56, 57, 58, 59, 60, 61, 62, 63, 64, 65, 66, 67, 68, 69, 70,
        71, 72, 73, 74, 76, 77, 78, 79, 80, 81, 82, 83, 84, 85, 86, 89, 90, 92,
        93, 94, 97, 98, 100, 101, 104, 105, 107, 108, 111, 112, 114, 115, 116,
        117, 118, 119, 122, 123, 125, 126, 127, 128, 129, 130, 133, 134, 136,
        139, 140, 142, 143, 146, 147, 149, 150, 151, 152, 153, 154, 155, 158,
        159, 161, 162, 163, 164, 165, 166, 167, 168, 169, 170, 171, 172, 175,
        176, 178, 181, 182, 185, 186, 188, 190, 192, 193, 197, 198
      ],
      "summary": {
        "covered_lines": 126,
        "num_statements": 126,
        "percent_covered": 100.0,
        "percent_covered_display": "100",
        "missing_lines": 0,
        "excluded_lines": 0
      },
      "missing_lines": [],
      "excluded_lines": [],
      "functions": {
        "": {
          "executed_lines": [
            1, 3, 5, 8, 9, 11, 12, 13, 14, 17, 18, 20, 21, 22, 23, 26, 27, 29,
            30, 31, 32, 33, 34, 35, 36, 37, 38, 39, 40, 41, 42, 43, 45, 46, 47,
            48, 49, 52, 53, 55, 56, 57, 58, 59, 60, 61, 62, 63, 64, 65, 66, 67,
            68, 69, 70, 71, 72, 73, 74, 76, 77, 78, 79, 80, 81, 82, 83, 84, 85,
            86, 89, 90, 92, 93, 94, 97, 98, 100, 101, 104, 105, 107, 108, 111,
            112, 114, 115, 116, 117, 118, 119, 122, 123, 125, 126, 127, 128,
            129, 130, 133, 134, 136, 139, 140, 142, 143, 146, 147, 149, 150,
            151, 152, 153, 154, 155, 158, 159, 161, 162, 163, 164, 165, 166,
            167, 168, 169, 170, 171, 172, 175, 176, 178, 181, 182, 185, 186,
            188, 190, 192, 193, 197, 198
          ],
          "summary": {
            "covered_lines": 126,
            "num_statements": 126,
            "percent_covered": 100.0,
            "percent_covered_display": "100",
            "missing_lines": 0,
            "excluded_lines": 0
          },
          "missing_lines": [],
          "excluded_lines": []
        }
      },
      "classes": {
        "TokenResponse": {
          "executed_lines": [],
          "summary": {
            "covered_lines": 0,
            "num_statements": 0,
            "percent_covered": 100.0,
            "percent_covered_display": "100",
            "missing_lines": 0,
            "excluded_lines": 0
          },
          "missing_lines": [],
          "excluded_lines": []
        },
        "DeviceInfo": {
          "executed_lines": [],
          "summary": {
            "covered_lines": 0,
            "num_statements": 0,
            "percent_covered": 100.0,
            "percent_covered_display": "100",
            "missing_lines": 0,
            "excluded_lines": 0
          },
          "missing_lines": [],
          "excluded_lines": []
        },
        "ZoneData": {
          "executed_lines": [],
          "summary": {
            "covered_lines": 0,
            "num_statements": 0,
            "percent_covered": 100.0,
            "percent_covered_display": "100",
            "missing_lines": 0,
            "excluded_lines": 0
          },
          "missing_lines": [],
          "excluded_lines": []
        },
        "MainData": {
          "executed_lines": [],
          "summary": {
            "covered_lines": 0,
            "num_statements": 0,
            "percent_covered": 100.0,
            "percent_covered_display": "100",
            "missing_lines": 0,
            "excluded_lines": 0
          },
          "missing_lines": [],
          "excluded_lines": []
        },
        "CoordinatorData": {
          "executed_lines": [],
          "summary": {
            "covered_lines": 0,
            "num_statements": 0,
            "percent_covered": 100.0,
            "percent_covered_display": "100",
            "missing_lines": 0,
            "excluded_lines": 0
          },
          "missing_lines": [],
          "excluded_lines": []
        },
        "MasterSensorInfo": {
          "executed_lines": [],
          "summary": {
            "covered_lines": 0,
            "num_statements": 0,
            "percent_covered": 100.0,
            "percent_covered_display": "100",
            "missing_lines": 0,
            "excluded_lines": 0
          },
          "missing_lines": [],
          "excluded_lines": []
        },
        "LiveAirconInfo": {
          "executed_lines": [],
          "summary": {
            "covered_lines": 0,
            "num_statements": 0,
            "percent_covered": 100.0,
            "percent_covered_display": "100",
            "missing_lines": 0,
            "excluded_lines": 0
          },
          "missing_lines": [],
          "excluded_lines": []
        },
        "UserAirconSettings": {
          "executed_lines": [],
          "summary": {
            "covered_lines": 0,
            "num_statements": 0,
            "percent_covered": 100.0,
            "percent_covered_display": "100",
            "missing_lines": 0,
            "excluded_lines": 0
          },
          "missing_lines": [],
          "excluded_lines": []
        },
        "LastKnownState": {
          "executed_lines": [],
          "summary": {
            "covered_lines": 0,
            "num_statements": 0,
            "percent_covered": 100.0,
            "percent_covered_display": "100",
            "missing_lines": 0,
            "excluded_lines": 0
          },
          "missing_lines": [],
          "excluded_lines": []
        },
        "AcStatusResponse": {
          "executed_lines": [],
          "summary": {
            "covered_lines": 0,
            "num_statements": 0,
            "percent_covered": 100.0,
            "percent_covered_display": "100",
            "missing_lines": 0,
            "excluded_lines": 0
          },
          "missing_lines": [],
          "excluded_lines": []
        },
        "CommandResponse": {
          "executed_lines": [],
          "summary": {
            "covered_lines": 0,
            "num_statements": 0,
            "percent_covered": 100.0,
            "percent_covered_display": "100",
            "missing_lines": 0,
            "excluded_lines": 0
          },
          "missing_lines": [],
          "excluded_lines": []
        },
        "ZoneCapabilities": {
          "executed_lines": [],
          "summary": {
            "covered_lines": 0,
            "num_statements": 0,
            "percent_covered": 100.0,
            "percent_covered_display": "100",
            "missing_lines": 0,
            "excluded_lines": 0
          },
          "missing_lines": [],
          "excluded_lines": []
        },
        "PeripheralData": {
          "executed_lines": [],
          "summary": {
            "covered_lines": 0,
            "num_statements": 0,
            "percent_covered": 100.0,
            "percent_covered_display": "100",
            "missing_lines": 0,
            "excluded_lines": 0
          },
          "missing_lines": [],
          "excluded_lines": []
        },
        "CommandData": {
          "executed_lines": [],
          "summary": {
            "covered_lines": 0,
            "num_statements": 0,
            "percent_covered": 100.0,
            "percent_covered_display": "100",
            "missing_lines": 0,
            "excluded_lines": 0
          },
          "missing_lines": [],
          "excluded_lines": []
        },
        "ApiResponse": {
          "executed_lines": [],
          "summary": {
            "covered_lines": 0,
            "num_statements": 0,
            "percent_covered": 100.0,
            "percent_covered_display": "100",
            "missing_lines": 0,
            "excluded_lines": 0
          },
          "missing_lines": [],
          "excluded_lines": []
        },
        "": {
          "executed_lines": [
            1, 3, 5, 8, 9, 11, 12, 13, 14, 17, 18, 20, 21, 22, 23, 26, 27, 29,
            30, 31, 32, 33, 34, 35, 36, 37, 38, 39, 40, 41, 42, 43, 45, 46, 47,
            48, 49, 52, 53, 55, 56, 57, 58, 59, 60, 61, 62, 63, 64, 65, 66, 67,
            68, 69, 70, 71, 72, 73, 74, 76, 77, 78, 79, 80, 81, 82, 83, 84, 85,
            86, 89, 90, 92, 93, 94, 97, 98, 100, 101, 104, 105, 107, 108, 111,
            112, 114, 115, 116, 117, 118, 119, 122, 123, 125, 126, 127, 128,
            129, 130, 133, 134, 136, 139, 140, 142, 143, 146, 147, 149, 150,
            151, 152, 153, 154, 155, 158, 159, 161, 162, 163, 164, 165, 166,
            167, 168, 169, 170, 171, 172, 175, 176, 178, 181, 182, 185, 186,
            188, 190, 192, 193, 197, 198
          ],
          "summary": {
            "covered_lines": 126,
            "num_statements": 126,
            "percent_covered": 100.0,
            "percent_covered_display": "100",
            "missing_lines": 0,
            "excluded_lines": 0
          },
          "missing_lines": [],
          "excluded_lines": []
        }
      }
    },
    "custom_components/actronair_neo/zone_presets.py": {
      "executed_lines": [
        1, 3, 5, 6, 7, 9, 10, 12, 13, 15, 18, 20, 23, 24, 26, 44, 45, 46, 47,
        49, 51, 58, 59, 61, 62, 63, 64, 65, 66, 68, 76, 77, 79, 101, 102, 103,
        104, 105, 106, 108, 110, 119, 120, 122, 131, 133, 134, 136, 137, 140,
        141, 144, 145, 146, 149, 150, 152, 161, 162, 163, 164, 165, 171, 173,
        174, 175, 177, 178, 179, 182, 183, 184, 185, 186, 188, 190, 191, 197,
        198, 199, 201, 219, 220, 221, 223, 224, 225, 227, 238, 239, 240, 243,
        249, 250, 252, 253, 255, 257, 259, 261, 263, 288, 289, 290, 292, 293,
        294, 296, 299, 300, 302, 304, 310, 312
      ],
      "summary": {
        "covered_lines": 109,
        "num_statements": 109,
        "percent_covered": 100.0,
        "percent_covered_display": "100",
        "missing_lines": 0,
        "excluded_lines": 2
      },
      "missing_lines": [],
      "excluded_lines": [15, 16],
      "functions": {
        "ZonePreset.__init__": {
          "executed_lines": [44, 45, 46, 47],
          "summary": {
            "covered_lines": 4,
            "num_statements": 4,
            "percent_covered": 100.0,
            "percent_covered_display": "100",
            "missing_lines": 0,
            "excluded_lines": 0
          },
          "missing_lines": [],
          "excluded_lines": []
        },
        "ZonePreset.to_dict": {
          "executed_lines": [51],
          "summary": {
            "covered_lines": 1,
            "num_statements": 1,
            "percent_covered": 100.0,
            "percent_covered_display": "100",
            "missing_lines": 0,
            "excluded_lines": 0
          },
          "missing_lines": [],
          "excluded_lines": []
        },
        "ZonePreset.from_dict": {
          "executed_lines": [61, 62, 63, 64, 65, 66, 68],
          "summary": {
            "covered_lines": 7,
            "num_statements": 7,
            "percent_covered": 100.0,
            "percent_covered_display": "100",
            "missing_lines": 0,
            "excluded_lines": 0
          },
          "missing_lines": [],
          "excluded_lines": []
        },
        "ZoneSchedule.__init__": {
          "executed_lines": [101, 102, 103, 104, 105, 106],
          "summary": {
            "covered_lines": 6,
            "num_statements": 6,
            "percent_covered": 100.0,
            "percent_covered_display": "100",
            "missing_lines": 0,
            "excluded_lines": 0
          },
          "missing_lines": [],
          "excluded_lines": []
        },
        "ZoneSchedule.to_dict": {
          "executed_lines": [110],
          "summary": {
            "covered_lines": 1,
            "num_statements": 1,
            "percent_covered": 100.0,
            "percent_covered_display": "100",
            "missing_lines": 0,
            "excluded_lines": 0
          },
          "missing_lines": [],
          "excluded_lines": []
        },
        "ZoneSchedule.from_dict": {
          "executed_lines": [122],
          "summary": {
            "covered_lines": 1,
            "num_statements": 1,
            "percent_covered": 100.0,
            "percent_covered_display": "100",
            "missing_lines": 0,
            "excluded_lines": 0
          },
          "missing_lines": [],
          "excluded_lines": []
        },
        "ZoneSchedule.is_active_now": {
          "executed_lines": [133, 134, 136, 137, 140, 141, 144, 145, 146],
          "summary": {
            "covered_lines": 9,
            "num_statements": 9,
            "percent_covered": 100.0,
            "percent_covered_display": "100",
            "missing_lines": 0,
            "excluded_lines": 0
          },
          "missing_lines": [],
          "excluded_lines": []
        },
        "ZonePresetManager.__init__": {
          "executed_lines": [161, 162, 163, 164, 165],
          "summary": {
            "covered_lines": 5,
            "num_statements": 5,
            "percent_covered": 100.0,
            "percent_covered_display": "100",
            "missing_lines": 0,
            "excluded_lines": 0
          },
          "missing_lines": [],
          "excluded_lines": []
        },
        "ZonePresetManager.async_load": {
          "executed_lines": [
            173, 174, 175, 177, 178, 179, 182, 183, 184, 185, 186
          ],
          "summary": {
            "covered_lines": 11,
            "num_statements": 11,
            "percent_covered": 100.0,
            "percent_covered_display": "100",
            "missing_lines": 0,
            "excluded_lines": 0
          },
          "missing_lines": [],
          "excluded_lines": []
        },
        "ZonePresetManager.async_save": {
          "executed_lines": [190, 191, 197, 198, 199],
          "summary": {
            "covered_lines": 5,
            "num_statements": 5,
            "percent_covered": 100.0,
            "percent_covered_display": "100",
            "missing_lines": 0,
            "excluded_lines": 0
          },
          "missing_lines": [],
          "excluded_lines": []
        },
        "ZonePresetManager.async_create_preset": {
          "executed_lines": [219, 220, 221, 223, 224, 225],
          "summary": {
            "covered_lines": 6,
            "num_statements": 6,
            "percent_covered": 100.0,
            "percent_covered_display": "100",
            "missing_lines": 0,
            "excluded_lines": 0
          },
          "missing_lines": [],
          "excluded_lines": []
        },
        "ZonePresetManager.async_delete_preset": {
          "executed_lines": [238, 239, 240, 243, 249, 250, 252, 253],
          "summary": {
            "covered_lines": 8,
            "num_statements": 8,
            "percent_covered": 100.0,
            "percent_covered_display": "100",
            "missing_lines": 0,
            "excluded_lines": 0
          },
          "missing_lines": [],
          "excluded_lines": []
        },
        "ZonePresetManager.get_preset": {
          "executed_lines": [257],
          "summary": {
            "covered_lines": 1,
            "num_statements": 1,
            "percent_covered": 100.0,
            "percent_covered_display": "100",
            "missing_lines": 0,
            "excluded_lines": 0
          },
          "missing_lines": [],
          "excluded_lines": []
        },
        "ZonePresetManager.get_all_presets": {
          "executed_lines": [261],
          "summary": {
            "covered_lines": 1,
            "num_statements": 1,
            "percent_covered": 100.0,
            "percent_covered_display": "100",
            "missing_lines": 0,
            "excluded_lines": 0
          },
          "missing_lines": [],
          "excluded_lines": []
        },
        "ZonePresetManager.async_create_schedule": {
          "executed_lines": [288, 289, 290, 292, 293, 294, 296, 299, 300],
          "summary": {
            "covered_lines": 9,
            "num_statements": 9,
            "percent_covered": 100.0,
            "percent_covered_display": "100",
            "missing_lines": 0,
            "excluded_lines": 0
          },
          "missing_lines": [],
          "excluded_lines": []
        },
        "ZonePresetManager.get_active_schedules": {
          "executed_lines": [304],
          "summary": {
            "covered_lines": 1,
            "num_statements": 1,
            "percent_covered": 100.0,
            "percent_covered_display": "100",
            "missing_lines": 0,
            "excluded_lines": 0
          },
          "missing_lines": [],
          "excluded_lines": []
        },
        "ZonePresetManager.get_all_schedules": {
          "executed_lines": [312],
          "summary": {
            "covered_lines": 1,
            "num_statements": 1,
            "percent_covered": 100.0,
            "percent_covered_display": "100",
            "missing_lines": 0,
            "excluded_lines": 0
          },
          "missing_lines": [],
          "excluded_lines": []
        },
        "": {
          "executed_lines": [
            1, 3, 5, 6, 7, 9, 10, 12, 13, 15, 18, 20, 23, 24, 26, 49, 58, 59,
            76, 77, 79, 108, 119, 120, 131, 149, 150, 152, 171, 188, 201, 227,
            255, 259, 263, 302, 310
          ],
          "summary": {
            "covered_lines": 32,
            "num_statements": 32,
            "percent_covered": 100.0,
            "percent_covered_display": "100",
            "missing_lines": 0,
            "excluded_lines": 2
          },
          "missing_lines": [],
          "excluded_lines": [15, 16]
        }
      },
      "classes": {
        "ZonePreset": {
          "executed_lines": [44, 45, 46, 47, 51, 61, 62, 63, 64, 65, 66, 68],
          "summary": {
            "covered_lines": 12,
            "num_statements": 12,
            "percent_covered": 100.0,
            "percent_covered_display": "100",
            "missing_lines": 0,
            "excluded_lines": 0
          },
          "missing_lines": [],
          "excluded_lines": []
        },
        "ZoneSchedule": {
          "executed_lines": [
            101, 102, 103, 104, 105, 106, 110, 122, 133, 134, 136, 137, 140,
            141, 144, 145, 146
          ],
          "summary": {
            "covered_lines": 17,
            "num_statements": 17,
            "percent_covered": 100.0,
            "percent_covered_display": "100",
            "missing_lines": 0,
            "excluded_lines": 0
          },
          "missing_lines": [],
          "excluded_lines": []
        },
        "ZonePresetManager": {
          "executed_lines": [
            161, 162, 163, 164, 165, 173, 174, 175, 177, 178, 179, 182, 183,
            184, 185, 186, 190, 191, 197, 198, 199, 219, 220, 221, 223, 224,
            225, 238, 239, 240, 243, 249, 250, 252, 253, 257, 261, 288, 289,
            290, 292, 293, 294, 296, 299, 300, 304, 312
          ],
          "summary": {
            "covered_lines": 48,
            "num_statements": 48,
            "percent_covered": 100.0,
            "percent_covered_display": "100",
            "missing_lines": 0,
            "excluded_lines": 0
          },
          "missing_lines": [],
          "excluded_lines": []
        },
        "": {
          "executed_lines": [
            1, 3, 5, 6, 7, 9, 10, 12, 13, 15, 18, 20, 23, 24, 26, 49, 58, 59,
            76, 77, 79, 108, 119, 120, 131, 149, 150, 152, 171, 188, 201, 227,
            255, 259, 263, 302, 310
          ],
          "summary": {
            "covered_lines": 32,
            "num_statements": 32,
            "percent_covered": 100.0,
            "percent_covered_display": "100",
            "missing_lines": 0,
            "excluded_lines": 2
          },
          "missing_lines": [],
          "excluded_lines": [15, 16]
        }
      }
    }
  },
  "totals": {
    "covered_lines": 2951,
    "num_statements": 2951,
    "percent_covered": 100.0,
    "percent_covered_display": "100",
    "missing_lines": 0,
    "excluded_lines": 55
  }
}
